#
# A fatal error has been detected by the Java Runtime Environment:
#
#  EXCEPTION_ACCESS_VIOLATION (0xc0000005) at pc=0x00007ffe4d752ac3, pid=460, tid=31384
#
# JRE version: Java(TM) SE Runtime Environment (17.0+35) (build 17+35-LTS-2724)
# Java VM: Java HotSpot(TM) 64-Bit Server VM (17+35-LTS-2724, mixed mode, emulated-client, sharing, tiered, compressed oops, compressed class ptrs, g1 gc, windows-amd64)
# Problematic frame:
# V  [jvm.dll+0x382ac3]
#
# No core dump will be written. Minidumps are not enabled by default on client versions of Windows
#
# If you would like to submit a bug report, please visit:
#   https://bugreport.java.com/bugreport/crash.jsp
#

---------------  S U M M A R Y ------------

Command Line: -XX:TieredStopAtLevel=1 -Dspring.output.ansi.enabled=always -Dcom.sun.management.jmxremote -Dspring.jmx.enabled=true -Dspring.liveBeansView.mbeanDomain -Dspring.application.admin.enabled=true -Dmanagement.endpoints.jmx.exposure.include=* -javaagent:D:\Java\IntelliJ IDEA 2025.1.3\lib\idea_rt.jar=59035 -Dfile.encoding=UTF-8 com.bite.judge.OjJudgeApplication

Host: 12th Gen Intel(R) Core(TM) i5-12500H, 16 cores, 15G,  Windows 10 , 64 bit Build 26100 (10.0.26100.3912)
Time: Thu Jul 17 00:11:28 2025  Windows 10 , 64 bit Build 26100 (10.0.26100.3912) elapsed time: 15673.921213 seconds (0d 4h 21m 13s)

---------------  T H R E A D  ---------------

Current thread (0x00000122e4108830):  JavaThread "nacos-grpc-client-executor-localhost-2255" daemon [_thread_in_vm, id=31384, stack(0x0000001702400000,0x0000001702500000)]

Stack: [0x0000001702400000,0x0000001702500000],  sp=0x00000017024ff6c0,  free space=1021k
Native frames: (J=compiled Java code, j=interpreted, Vv=VM code, C=native code)
V  [jvm.dll+0x382ac3]
V  [jvm.dll+0x66f812]
V  [jvm.dll+0x38371b]
V  [jvm.dll+0x3839a7]
V  [jvm.dll+0x409721]
V  [jvm.dll+0x78422b]
V  [jvm.dll+0x77e7ea]
